Drill report for PCB.kicad_pcb
Created on 2024-02-27T15:33:20-0800

Copper Layer Stackup:
    =============================================================
    L1 :  F.Cu                      front
    L2 :  In1.Cu                    in1
    L3 :  In2.Cu                    in2
    L4 :  B.Cu                      back


Drill file 'PCB-PTH.drl' contains
    plated through holes:
    =============================================================
    T1  0.300mm  0.0118"  (186 holes)
    T2  0.950mm  0.0374"  (7 holes)
    T3  1.000mm  0.0394"  (25 holes)
    T4  3.200mm  0.1260"  (2 holes)
    T5  3.700mm  0.1457"  (4 holes)

    Total plated holes count 224


Drill file 'PCB-NPTH.drl' contains
    unplated through holes:
    =============================================================

    Total unplated holes count 0
